{"X:\\VueLearn\\tv-shows\\src\\App.vue": {"path":"X:\\VueLearn\\tv-shows\\src\\App.vue","statementMap":{"0":{"start":{"line":12,"column":0},"end":{"line":12,"column":null}},"1":{"start":{"line":13,"column":0},"end":{"line":13,"column":null}},"2":{"start":{"line":22,"column":0},"end":{"line":22,"column":null}},"3":{"start":{"line":26,"column":0},"end":{"line":29,"column":null}},"4":{"start":{"line":27,"column":0},"end":{"line":27,"column":null}},"5":{"start":{"line":28,"column":0},"end":{"line":28,"column":null}},"6":{"start":{"line":32,"column":0},"end":{"line":32,"column":null}}},"fnMap":{"0":{"name":"(anonymous_1)","decl":{"start":{"line":21,"column":0},"end":{"line":21,"column":null}},"loc":{"start":{"line":21,"column":0},"end":{"line":23,"column":null}}},"1":{"name":"(anonymous_2)","decl":{"start":{"line":25,"column":0},"end":{"line":25,"column":null}},"loc":{"start":{"line":25,"column":0},"end":{"line":30,"column":null}}},"2":{"name":"(anonymous_3)","decl":{"start":{"line":26,"column":0},"end":{"line":26,"column":null}},"loc":{"start":{"line":26,"column":0},"end":{"line":29,"column":null}}},"3":{"name":"(anonymous_4)","decl":{"start":{"line":32,"column":0},"end":{"line":32,"column":null}},"loc":{"start":{"line":32,"column":0},"end":{"line":32,"column":null}}}},"branchMap":{},"s":{"0":1,"1":1,"2":3,"3":3,"4":0,"5":0,"6":3},"f":{"0":3,"1":3,"2":0,"3":3},"b":{}}
,"X:\\VueLearn\\tv-shows\\src\\components\\CarouselItem.vue": {"path":"X:\\VueLearn\\tv-shows\\src\\components\\CarouselItem.vue","statementMap":{"0":{"start":{"line":11,"column":0},"end":{"line":11,"column":null}},"1":{"start":{"line":20,"column":0},"end":{"line":20,"column":null}}},"fnMap":{"0":{"name":"(anonymous_1)","decl":{"start":{"line":10,"column":0},"end":{"line":10,"column":null}},"loc":{"start":{"line":10,"column":0},"end":{"line":12,"column":null}}},"1":{"name":"(anonymous_2)","decl":{"start":{"line":19,"column":0},"end":{"line":19,"column":null}},"loc":{"start":{"line":19,"column":0},"end":{"line":21,"column":null}}}},"branchMap":{},"s":{"0":3,"1":1},"f":{"0":3,"1":1},"b":{}}
,"X:\\VueLearn\\tv-shows\\src\\components\\CategorywiseList.vue": {"path":"X:\\VueLearn\\tv-shows\\src\\components\\CategorywiseList.vue","statementMap":{"0":{"start":{"line":13,"column":0},"end":{"line":13,"column":null}},"1":{"start":{"line":14,"column":0},"end":{"line":14,"column":null}},"2":{"start":{"line":22,"column":0},"end":{"line":22,"column":null}},"3":{"start":{"line":27,"column":0},"end":{"line":29,"column":null}},"4":{"start":{"line":28,"column":0},"end":{"line":28,"column":null}},"5":{"start":{"line":33,"column":0},"end":{"line":33,"column":null}},"6":{"start":{"line":38,"column":0},"end":{"line":40,"column":null}},"7":{"start":{"line":39,"column":0},"end":{"line":39,"column":null}},"8":{"start":{"line":45,"column":0},"end":{"line":45,"column":null}},"9":{"start":{"line":46,"column":0},"end":{"line":46,"column":null}}},"fnMap":{"0":{"name":"(anonymous_1)","decl":{"start":{"line":21,"column":0},"end":{"line":21,"column":null}},"loc":{"start":{"line":21,"column":0},"end":{"line":25,"column":null}}},"1":{"name":"(anonymous_2)","decl":{"start":{"line":26,"column":0},"end":{"line":26,"column":null}},"loc":{"start":{"line":26,"column":0},"end":{"line":30,"column":null}}},"2":{"name":"(anonymous_3)","decl":{"start":{"line":32,"column":0},"end":{"line":32,"column":null}},"loc":{"start":{"line":32,"column":0},"end":{"line":34,"column":null}}},"3":{"name":"(anonymous_4)","decl":{"start":{"line":37,"column":0},"end":{"line":37,"column":null}},"loc":{"start":{"line":37,"column":0},"end":{"line":41,"column":null}}},"4":{"name":"(anonymous_5)","decl":{"start":{"line":44,"column":0},"end":{"line":44,"column":null}},"loc":{"start":{"line":44,"column":0},"end":{"line":47,"column":null}}}},"branchMap":{"0":{"loc":{"start":{"line":27,"column":0},"end":{"line":29,"column":null}},"type":"if","locations":[{"start":{"line":27,"column":0},"end":{"line":29,"column":null}},{"start":{"line":27,"column":0},"end":{"line":29,"column":null}}]},"1":{"loc":{"start":{"line":38,"column":0},"end":{"line":40,"column":null}},"type":"if","locations":[{"start":{"line":38,"column":0},"end":{"line":40,"column":null}},{"start":{"line":38,"column":0},"end":{"line":40,"column":null}}]}},"s":{"0":9,"1":9,"2":5,"3":5,"4":4,"5":5,"6":2,"7":1,"8":5,"9":5},"f":{"0":5,"1":5,"2":5,"3":2,"4":5},"b":{"0":[4,1],"1":[1,1]}}
,"X:\\VueLearn\\tv-shows\\src\\components\\Header.vue": {"path":"X:\\VueLearn\\tv-shows\\src\\components\\Header.vue","statementMap":{"0":{"start":{"line":31,"column":0},"end":{"line":31,"column":null}},"1":{"start":{"line":37,"column":0},"end":{"line":37,"column":null}},"2":{"start":{"line":38,"column":0},"end":{"line":40,"column":null}},"3":{"start":{"line":39,"column":0},"end":{"line":39,"column":null}},"4":{"start":{"line":41,"column":0},"end":{"line":41,"column":null}},"5":{"start":{"line":42,"column":0},"end":{"line":44,"column":null}},"6":{"start":{"line":43,"column":0},"end":{"line":43,"column":null}},"7":{"start":{"line":47,"column":0},"end":{"line":49,"column":null}},"8":{"start":{"line":48,"column":0},"end":{"line":48,"column":null}},"9":{"start":{"line":50,"column":0},"end":{"line":50,"column":null}},"10":{"start":{"line":51,"column":0},"end":{"line":53,"column":null}},"11":{"start":{"line":52,"column":0},"end":{"line":52,"column":null}}},"fnMap":{"0":{"name":"(anonymous_1)","decl":{"start":{"line":30,"column":0},"end":{"line":30,"column":null}},"loc":{"start":{"line":30,"column":0},"end":{"line":34,"column":null}}},"1":{"name":"(anonymous_2)","decl":{"start":{"line":36,"column":0},"end":{"line":36,"column":null}},"loc":{"start":{"line":36,"column":0},"end":{"line":45,"column":null}}},"2":{"name":"(anonymous_3)","decl":{"start":{"line":46,"column":0},"end":{"line":46,"column":null}},"loc":{"start":{"line":46,"column":0},"end":{"line":54,"column":null}}}},"branchMap":{"0":{"loc":{"start":{"line":38,"column":0},"end":{"line":40,"column":null}},"type":"if","locations":[{"start":{"line":38,"column":0},"end":{"line":40,"column":null}},{"start":{"line":38,"column":0},"end":{"line":40,"column":null}}]},"1":{"loc":{"start":{"line":42,"column":0},"end":{"line":44,"column":null}},"type":"if","locations":[{"start":{"line":42,"column":0},"end":{"line":44,"column":null}},{"start":{"line":42,"column":0},"end":{"line":44,"column":null}}]},"2":{"loc":{"start":{"line":47,"column":0},"end":{"line":49,"column":null}},"type":"if","locations":[{"start":{"line":47,"column":0},"end":{"line":49,"column":null}},{"start":{"line":47,"column":0},"end":{"line":49,"column":null}}]},"3":{"loc":{"start":{"line":51,"column":0},"end":{"line":53,"column":null}},"type":"if","locations":[{"start":{"line":51,"column":0},"end":{"line":53,"column":null}},{"start":{"line":51,"column":0},"end":{"line":53,"column":null}}]}},"s":{"0":13,"1":4,"2":4,"3":1,"4":3,"5":3,"6":2,"7":4,"8":1,"9":3,"10":3,"11":2},"f":{"0":13,"1":4,"2":4},"b":{"0":[1,3],"1":[2,1],"2":[1,3],"3":[2,1]}}
,"X:\\VueLearn\\tv-shows\\src\\components\\HomepageCarousel.vue": {"path":"X:\\VueLearn\\tv-shows\\src\\components\\HomepageCarousel.vue","statementMap":{"0":{"start":{"line":14,"column":0},"end":{"line":14,"column":null}},"1":{"start":{"line":15,"column":0},"end":{"line":15,"column":null}},"2":{"start":{"line":24,"column":0},"end":{"line":26,"column":null}},"3":{"start":{"line":25,"column":0},"end":{"line":25,"column":null}},"4":{"start":{"line":29,"column":0},"end":{"line":29,"column":null}},"5":{"start":{"line":35,"column":0},"end":{"line":35,"column":null}},"6":{"start":{"line":40,"column":0},"end":{"line":42,"column":null}},"7":{"start":{"line":41,"column":0},"end":{"line":41,"column":null}},"8":{"start":{"line":47,"column":0},"end":{"line":47,"column":null}}},"fnMap":{"0":{"name":"(anonymous_1)","decl":{"start":{"line":22,"column":0},"end":{"line":22,"column":null}},"loc":{"start":{"line":22,"column":0},"end":{"line":22,"column":null}}},"1":{"name":"(anonymous_2)","decl":{"start":{"line":23,"column":0},"end":{"line":23,"column":null}},"loc":{"start":{"line":23,"column":0},"end":{"line":27,"column":null}}},"2":{"name":"(anonymous_3)","decl":{"start":{"line":28,"column":0},"end":{"line":28,"column":null}},"loc":{"start":{"line":28,"column":0},"end":{"line":32,"column":null}}},"3":{"name":"(anonymous_4)","decl":{"start":{"line":34,"column":0},"end":{"line":34,"column":null}},"loc":{"start":{"line":34,"column":0},"end":{"line":36,"column":null}}},"4":{"name":"(anonymous_5)","decl":{"start":{"line":39,"column":0},"end":{"line":39,"column":null}},"loc":{"start":{"line":39,"column":0},"end":{"line":43,"column":null}}},"5":{"name":"(anonymous_6)","decl":{"start":{"line":46,"column":0},"end":{"line":46,"column":null}},"loc":{"start":{"line":46,"column":0},"end":{"line":48,"column":null}}}},"branchMap":{"0":{"loc":{"start":{"line":24,"column":0},"end":{"line":26,"column":null}},"type":"if","locations":[{"start":{"line":24,"column":0},"end":{"line":26,"column":null}},{"start":{"line":24,"column":0},"end":{"line":26,"column":null}}]},"1":{"loc":{"start":{"line":40,"column":0},"end":{"line":42,"column":null}},"type":"if","locations":[{"start":{"line":40,"column":0},"end":{"line":42,"column":null}},{"start":{"line":40,"column":0},"end":{"line":42,"column":null}}]}},"s":{"0":9,"1":9,"2":6,"3":5,"4":6,"5":6,"6":2,"7":1,"8":6},"f":{"0":6,"1":6,"2":6,"3":6,"4":2,"5":6},"b":{"0":[5,1],"1":[1,1]}}
,"X:\\VueLearn\\tv-shows\\src\\components\\HorizontalList.vue": {"path":"X:\\VueLearn\\tv-shows\\src\\components\\HorizontalList.vue","statementMap":{"0":{"start":{"line":13,"column":0},"end":{"line":13,"column":null}}},"fnMap":{},"branchMap":{},"s":{"0":9},"f":{},"b":{}}
,"X:\\VueLearn\\tv-shows\\src\\components\\ShowCard.vue": {"path":"X:\\VueLearn\\tv-shows\\src\\components\\ShowCard.vue","statementMap":{"0":{"start":{"line":28,"column":0},"end":{"line":28,"column":null}},"1":{"start":{"line":32,"column":0},"end":{"line":32,"column":null}},"2":{"start":{"line":37,"column":0},"end":{"line":37,"column":null}}},"fnMap":{"0":{"name":"(anonymous_1)","decl":{"start":{"line":27,"column":0},"end":{"line":27,"column":null}},"loc":{"start":{"line":27,"column":0},"end":{"line":29,"column":null}}},"1":{"name":"(anonymous_2)","decl":{"start":{"line":31,"column":0},"end":{"line":31,"column":null}},"loc":{"start":{"line":31,"column":0},"end":{"line":33,"column":null}}},"2":{"name":"(anonymous_3)","decl":{"start":{"line":36,"column":0},"end":{"line":36,"column":null}},"loc":{"start":{"line":36,"column":0},"end":{"line":38,"column":null}}}},"branchMap":{"0":{"loc":{"start":{"line":32,"column":0},"end":{"line":32,"column":null}},"type":"cond-expr","locations":[{"start":{"line":32,"column":0},"end":{"line":32,"column":null}},{"start":{"line":32,"column":0},"end":{"line":32,"column":null}}]}},"s":{"0":6,"1":6,"2":1},"f":{"0":6,"1":6,"2":1},"b":{"0":[5,1]}}
,"X:\\VueLearn\\tv-shows\\src\\components\\detailsComponents\\ImageComponent.vue": {"path":"X:\\VueLearn\\tv-shows\\src\\components\\detailsComponents\\ImageComponent.vue","statementMap":{"0":{"start":{"line":25,"column":0},"end":{"line":25,"column":null}}},"fnMap":{"0":{"name":"(anonymous_1)","decl":{"start":{"line":24,"column":0},"end":{"line":24,"column":null}},"loc":{"start":{"line":24,"column":0},"end":{"line":26,"column":null}}}},"branchMap":{"0":{"loc":{"start":{"line":25,"column":0},"end":{"line":25,"column":null}},"type":"cond-expr","locations":[{"start":{"line":25,"column":0},"end":{"line":25,"column":null}},{"start":{"line":25,"column":0},"end":{"line":25,"column":null}}]}},"s":{"0":4},"f":{"0":4},"b":{"0":[3,1]}}
,"X:\\VueLearn\\tv-shows\\src\\services\\clientApi.js": {"path":"X:\\VueLearn\\tv-shows\\src\\services\\clientApi.js","statementMap":{"0":{"start":{"line":3,"column":16},"end":{"line":3,"column":40}},"1":{"start":{"line":5,"column":18},"end":{"line":13,"column":2}},"2":{"start":{"line":15,"column":0},"end":{"line":18,"column":2}},"3":{"start":{"line":16,"column":16},"end":{"line":16,"column":29}},"4":{"start":{"line":17,"column":13},"end":{"line":17,"column":34}}},"fnMap":{"0":{"name":"(anonymous_0)","decl":{"start":{"line":16,"column":2},"end":{"line":16,"column":3}},"loc":{"start":{"line":16,"column":16},"end":{"line":16,"column":29}},"line":16},"1":{"name":"(anonymous_1)","decl":{"start":{"line":17,"column":2},"end":{"line":17,"column":3}},"loc":{"start":{"line":17,"column":13},"end":{"line":17,"column":34}},"line":17}},"branchMap":{},"s":{"0":5,"1":5,"2":5,"3":0,"4":0},"f":{"0":0,"1":0},"b":{},"_coverageSchema":"43e27e138ebf9cfc5966b082cf9a028302ed4184","hash":"f0f82615dd6e38855946aa03e8e2a8bcc2d120c3"}
,"X:\\VueLearn\\tv-shows\\src\\services\\tvShowService.js": {"path":"X:\\VueLearn\\tv-shows\\src\\services\\tvShowService.js","statementMap":{"0":{"start":{"line":4,"column":27},"end":{"line":4,"column":67}},"1":{"start":{"line":4,"column":33},"end":{"line":4,"column":67}},"2":{"start":{"line":5,"column":29},"end":{"line":5,"column":82}},"3":{"start":{"line":5,"column":39},"end":{"line":5,"column":82}},"4":{"start":{"line":6,"column":27},"end":{"line":6,"column":85}},"5":{"start":{"line":6,"column":35},"end":{"line":6,"column":85}}},"fnMap":{"0":{"name":"(anonymous_0)","decl":{"start":{"line":4,"column":27},"end":{"line":4,"column":28}},"loc":{"start":{"line":4,"column":33},"end":{"line":4,"column":67}},"line":4},"1":{"name":"(anonymous_1)","decl":{"start":{"line":5,"column":29},"end":{"line":5,"column":30}},"loc":{"start":{"line":5,"column":39},"end":{"line":5,"column":82}},"line":5},"2":{"name":"(anonymous_2)","decl":{"start":{"line":6,"column":27},"end":{"line":6,"column":28}},"loc":{"start":{"line":6,"column":35},"end":{"line":6,"column":85}},"line":6}},"branchMap":{},"s":{"0":4,"1":4,"2":4,"3":2,"4":4,"5":2},"f":{"0":4,"1":2,"2":2},"b":{},"_coverageSchema":"43e27e138ebf9cfc5966b082cf9a028302ed4184","hash":"838836b7bbe07ac55fcbaa843127e3ef7a552642"}
,"X:\\VueLearn\\tv-shows\\src\\shared\\appConstants.js": {"path":"X:\\VueLearn\\tv-shows\\src\\shared\\appConstants.js","statementMap":{"0":{"start":{"line":1,"column":30},"end":{"line":1,"column":38}},"1":{"start":{"line":2,"column":32},"end":{"line":2,"column":50}},"2":{"start":{"line":3,"column":30},"end":{"line":3,"column":39}}},"fnMap":{},"branchMap":{},"s":{"0":4,"1":4,"2":4},"f":{},"b":{},"_coverageSchema":"43e27e138ebf9cfc5966b082cf9a028302ed4184","hash":"b5cd49f7bd89adef6c02805227f12a4252c4355c"}
,"X:\\VueLearn\\tv-shows\\src\\shared\\utilities\\getGenreWiseShows.js": {"path":"X:\\VueLearn\\tv-shows\\src\\shared\\utilities\\getGenreWiseShows.js","statementMap":{"0":{"start":{"line":1,"column":33},"end":{"line":20,"column":1}},"1":{"start":{"line":2,"column":25},"end":{"line":2,"column":27}},"2":{"start":{"line":3,"column":4},"end":{"line":11,"column":7}},"3":{"start":{"line":4,"column":8},"end":{"line":10,"column":11}},"4":{"start":{"line":5,"column":12},"end":{"line":9,"column":13}},"5":{"start":{"line":6,"column":16},"end":{"line":6,"column":82}},"6":{"start":{"line":8,"column":16},"end":{"line":8,"column":56}},"7":{"start":{"line":13,"column":4},"end":{"line":16,"column":7}},"8":{"start":{"line":14,"column":8},"end":{"line":15,"column":39}},"9":{"start":{"line":15,"column":12},"end":{"line":15,"column":39}},"10":{"start":{"line":19,"column":4},"end":{"line":19,"column":26}}},"fnMap":{"0":{"name":"(anonymous_0)","decl":{"start":{"line":1,"column":33},"end":{"line":1,"column":34}},"loc":{"start":{"line":1,"column":47},"end":{"line":20,"column":1}},"line":1},"1":{"name":"(anonymous_1)","decl":{"start":{"line":3,"column":21},"end":{"line":3,"column":22}},"loc":{"start":{"line":3,"column":32},"end":{"line":11,"column":5}},"line":3},"2":{"name":"(anonymous_2)","decl":{"start":{"line":4,"column":31},"end":{"line":4,"column":32}},"loc":{"start":{"line":4,"column":40},"end":{"line":10,"column":9}},"line":4},"3":{"name":"(anonymous_3)","decl":{"start":{"line":13,"column":40},"end":{"line":13,"column":41}},"loc":{"start":{"line":13,"column":47},"end":{"line":16,"column":5}},"line":13}},"branchMap":{"0":{"loc":{"start":{"line":5,"column":12},"end":{"line":9,"column":13}},"type":"if","locations":[{"start":{"line":5,"column":12},"end":{"line":9,"column":13}},{"start":{"line":5,"column":12},"end":{"line":9,"column":13}}],"line":5},"1":{"loc":{"start":{"line":14,"column":8},"end":{"line":15,"column":39}},"type":"if","locations":[{"start":{"line":14,"column":8},"end":{"line":15,"column":39}},{"start":{"line":14,"column":8},"end":{"line":15,"column":39}}],"line":14}},"s":{"0":9,"1":5,"2":5,"3":25,"4":80,"5":45,"6":35,"7":5,"8":35,"9":30,"10":5},"f":{"0":5,"1":25,"2":80,"3":35},"b":{"0":[45,35],"1":[30,5]},"_coverageSchema":"43e27e138ebf9cfc5966b082cf9a028302ed4184","hash":"a44e7a742e964ab6c32d509dac8d7e791a56cdb2"}
,"X:\\VueLearn\\tv-shows\\src\\shared\\utilities\\getTopFiveShows.js": {"path":"X:\\VueLearn\\tv-shows\\src\\shared\\utilities\\getTopFiveShows.js","statementMap":{"0":{"start":{"line":1,"column":31},"end":{"line":19,"column":1}},"1":{"start":{"line":3,"column":17},"end":{"line":3,"column":19}},"2":{"start":{"line":5,"column":4},"end":{"line":10,"column":7}},"3":{"start":{"line":6,"column":8},"end":{"line":8,"column":9}},"4":{"start":{"line":7,"column":12},"end":{"line":7,"column":55}},"5":{"start":{"line":9,"column":8},"end":{"line":9,"column":17}},"6":{"start":{"line":12,"column":4},"end":{"line":12,"column":29}},"7":{"start":{"line":13,"column":4},"end":{"line":13,"column":29}},"8":{"start":{"line":14,"column":4},"end":{"line":14,"column":29}},"9":{"start":{"line":15,"column":4},"end":{"line":15,"column":29}},"10":{"start":{"line":16,"column":4},"end":{"line":16,"column":29}},"11":{"start":{"line":18,"column":4},"end":{"line":18,"column":18}}},"fnMap":{"0":{"name":"(anonymous_0)","decl":{"start":{"line":1,"column":31},"end":{"line":1,"column":32}},"loc":{"start":{"line":1,"column":45},"end":{"line":19,"column":1}},"line":1},"1":{"name":"(anonymous_1)","decl":{"start":{"line":5,"column":18},"end":{"line":5,"column":19}},"loc":{"start":{"line":5,"column":28},"end":{"line":10,"column":5}},"line":5}},"branchMap":{"0":{"loc":{"start":{"line":6,"column":8},"end":{"line":8,"column":9}},"type":"if","locations":[{"start":{"line":6,"column":8},"end":{"line":8,"column":9}},{"start":{"line":6,"column":8},"end":{"line":8,"column":9}}],"line":6},"1":{"loc":{"start":{"line":6,"column":12},"end":{"line":6,"column":48}},"type":"binary-expr","locations":[{"start":{"line":6,"column":12},"end":{"line":6,"column":28}},{"start":{"line":6,"column":32},"end":{"line":6,"column":48}}],"line":6}},"s":{"0":9,"1":6,"2":6,"3":33,"4":21,"5":12,"6":6,"7":6,"8":6,"9":6,"10":6,"11":6},"f":{"0":6,"1":33},"b":{"0":[21,12],"1":[33,27]},"_coverageSchema":"43e27e138ebf9cfc5966b082cf9a028302ed4184","hash":"8cc9cc85f449ebe4a94ef25f00c366310b1490a5"}
,"X:\\VueLearn\\tv-shows\\src\\store\\index.js": {"path":"X:\\VueLearn\\tv-shows\\src\\store\\index.js","statementMap":{"0":{"start":{"line":4,"column":0},"end":{"line":4,"column":13}},"1":{"start":{"line":15,"column":6},"end":{"line":15,"column":31}},"2":{"start":{"line":18,"column":6},"end":{"line":18,"column":47}},"3":{"start":{"line":21,"column":6},"end":{"line":21,"column":37}},"4":{"start":{"line":24,"column":6},"end":{"line":24,"column":39}},"5":{"start":{"line":28,"column":27},"end":{"line":28,"column":41}},"6":{"start":{"line":29,"column":35},"end":{"line":29,"column":57}},"7":{"start":{"line":30,"column":30},"end":{"line":30,"column":47}},"8":{"start":{"line":31,"column":31},"end":{"line":31,"column":49}},"9":{"start":{"line":35,"column":6},"end":{"line":35,"column":44}},"10":{"start":{"line":38,"column":6},"end":{"line":38,"column":53}},"11":{"start":{"line":41,"column":6},"end":{"line":41,"column":48}},"12":{"start":{"line":44,"column":6},"end":{"line":44,"column":49}}},"fnMap":{"0":{"name":"(anonymous_0)","decl":{"start":{"line":14,"column":20},"end":{"line":14,"column":21}},"loc":{"start":{"line":14,"column":41},"end":{"line":16,"column":5}},"line":14},"1":{"name":"(anonymous_1)","decl":{"start":{"line":17,"column":28},"end":{"line":17,"column":29}},"loc":{"start":{"line":17,"column":57},"end":{"line":19,"column":5}},"line":17},"2":{"name":"(anonymous_2)","decl":{"start":{"line":20,"column":23},"end":{"line":20,"column":24}},"loc":{"start":{"line":20,"column":47},"end":{"line":22,"column":5}},"line":20},"3":{"name":"(anonymous_3)","decl":{"start":{"line":23,"column":24},"end":{"line":23,"column":25}},"loc":{"start":{"line":23,"column":49},"end":{"line":25,"column":5}},"line":23},"4":{"name":"(anonymous_4)","decl":{"start":{"line":28,"column":17},"end":{"line":28,"column":18}},"loc":{"start":{"line":28,"column":27},"end":{"line":28,"column":41}},"line":28},"5":{"name":"(anonymous_5)","decl":{"start":{"line":29,"column":25},"end":{"line":29,"column":26}},"loc":{"start":{"line":29,"column":35},"end":{"line":29,"column":57}},"line":29},"6":{"name":"(anonymous_6)","decl":{"start":{"line":30,"column":20},"end":{"line":30,"column":21}},"loc":{"start":{"line":30,"column":30},"end":{"line":30,"column":47}},"line":30},"7":{"name":"(anonymous_7)","decl":{"start":{"line":31,"column":21},"end":{"line":31,"column":22}},"loc":{"start":{"line":31,"column":31},"end":{"line":31,"column":49}},"line":31},"8":{"name":"(anonymous_8)","decl":{"start":{"line":34,"column":4},"end":{"line":34,"column":5}},"loc":{"start":{"line":34,"column":34},"end":{"line":36,"column":5}},"line":34},"9":{"name":"(anonymous_9)","decl":{"start":{"line":37,"column":4},"end":{"line":37,"column":5}},"loc":{"start":{"line":37,"column":42},"end":{"line":39,"column":5}},"line":37},"10":{"name":"(anonymous_10)","decl":{"start":{"line":40,"column":4},"end":{"line":40,"column":5}},"loc":{"start":{"line":40,"column":37},"end":{"line":42,"column":5}},"line":40},"11":{"name":"(anonymous_11)","decl":{"start":{"line":43,"column":4},"end":{"line":43,"column":5}},"loc":{"start":{"line":43,"column":38},"end":{"line":45,"column":5}},"line":43}},"branchMap":{},"s":{"0":0,"1":0,"2":0,"3":0,"4":0,"5":0,"6":0,"7":0,"8":0,"9":0,"10":0,"11":0,"12":0},"f":{"0":0,"1":0,"2":0,"3":0,"4":0,"5":0,"6":0,"7":0,"8":0,"9":0,"10":0,"11":0},"b":{},"hash":"454cbd40a3973e1b262b166af58847ba66fecba5"}
,"X:\\VueLearn\\tv-shows\\src\\views\\Details.vue": {"path":"X:\\VueLearn\\tv-shows\\src\\views\\Details.vue","statementMap":{"0":{"start":{"line":45,"column":0},"end":{"line":45,"column":null}},"1":{"start":{"line":46,"column":0},"end":{"line":46,"column":null}},"2":{"start":{"line":47,"column":0},"end":{"line":47,"column":null}},"3":{"start":{"line":51,"column":0},"end":{"line":51,"column":null}},"4":{"start":{"line":60,"column":0},"end":{"line":62,"column":null}},"5":{"start":{"line":61,"column":0},"end":{"line":61,"column":null}},"6":{"start":{"line":66,"column":0},"end":{"line":66,"column":null}},"7":{"start":{"line":71,"column":0},"end":{"line":73,"column":null}},"8":{"start":{"line":72,"column":0},"end":{"line":72,"column":null}}},"fnMap":{"0":{"name":"(anonymous_1)","decl":{"start":{"line":50,"column":0},"end":{"line":50,"column":null}},"loc":{"start":{"line":50,"column":0},"end":{"line":54,"column":null}}},"1":{"name":"(anonymous_2)","decl":{"start":{"line":59,"column":0},"end":{"line":59,"column":null}},"loc":{"start":{"line":59,"column":0},"end":{"line":63,"column":null}}},"2":{"name":"(anonymous_3)","decl":{"start":{"line":65,"column":0},"end":{"line":65,"column":null}},"loc":{"start":{"line":65,"column":0},"end":{"line":67,"column":null}}},"3":{"name":"(anonymous_4)","decl":{"start":{"line":70,"column":0},"end":{"line":70,"column":null}},"loc":{"start":{"line":70,"column":0},"end":{"line":74,"column":null}}},"4":{"name":"(anonymous_5)","decl":{"start":{"line":71,"column":0},"end":{"line":71,"column":null}},"loc":{"start":{"line":71,"column":0},"end":{"line":73,"column":null}}}},"branchMap":{"0":{"loc":{"start":{"line":60,"column":0},"end":{"line":62,"column":null}},"type":"if","locations":[{"start":{"line":60,"column":0},"end":{"line":62,"column":null}},{"start":{"line":60,"column":0},"end":{"line":62,"column":null}}]}},"s":{"0":1,"1":1,"2":1,"3":5,"4":5,"5":1,"6":4,"7":1,"8":0},"f":{"0":5,"1":5,"2":4,"3":1,"4":0},"b":{"0":[1,4]}}
,"X:\\VueLearn\\tv-shows\\src\\views\\Home.vue": {"path":"X:\\VueLearn\\tv-shows\\src\\views\\Home.vue","statementMap":{"0":{"start":{"line":10,"column":0},"end":{"line":10,"column":null}},"1":{"start":{"line":11,"column":0},"end":{"line":11,"column":null}}},"fnMap":{},"branchMap":{},"s":{"0":9,"1":9},"f":{},"b":{}}
,"X:\\VueLearn\\tv-shows\\src\\views\\Search.vue": {"path":"X:\\VueLearn\\tv-shows\\src\\views\\Search.vue","statementMap":{"0":{"start":{"line":8,"column":0},"end":{"line":8,"column":null}},"1":{"start":{"line":9,"column":0},"end":{"line":9,"column":null}},"2":{"start":{"line":17,"column":0},"end":{"line":17,"column":null}},"3":{"start":{"line":23,"column":0},"end":{"line":25,"column":null}},"4":{"start":{"line":24,"column":0},"end":{"line":24,"column":null}},"5":{"start":{"line":29,"column":0},"end":{"line":29,"column":null}},"6":{"start":{"line":34,"column":0},"end":{"line":34,"column":null}},"7":{"start":{"line":39,"column":0},"end":{"line":42,"column":null}},"8":{"start":{"line":40,"column":0},"end":{"line":40,"column":null}},"9":{"start":{"line":41,"column":0},"end":{"line":41,"column":null}},"10":{"start":{"line":45,"column":0},"end":{"line":45,"column":null}}},"fnMap":{"0":{"name":"(anonymous_1)","decl":{"start":{"line":16,"column":0},"end":{"line":16,"column":null}},"loc":{"start":{"line":16,"column":0},"end":{"line":20,"column":null}}},"1":{"name":"(anonymous_2)","decl":{"start":{"line":21,"column":0},"end":{"line":21,"column":null}},"loc":{"start":{"line":21,"column":0},"end":{"line":21,"column":null}}},"2":{"name":"(anonymous_3)","decl":{"start":{"line":22,"column":0},"end":{"line":22,"column":null}},"loc":{"start":{"line":22,"column":0},"end":{"line":26,"column":null}}},"3":{"name":"(anonymous_4)","decl":{"start":{"line":28,"column":0},"end":{"line":28,"column":null}},"loc":{"start":{"line":28,"column":0},"end":{"line":30,"column":null}}},"4":{"name":"(anonymous_5)","decl":{"start":{"line":33,"column":0},"end":{"line":33,"column":null}},"loc":{"start":{"line":33,"column":0},"end":{"line":35,"column":null}}},"5":{"name":"(anonymous_6)","decl":{"start":{"line":38,"column":0},"end":{"line":38,"column":null}},"loc":{"start":{"line":38,"column":0},"end":{"line":43,"column":null}}},"6":{"name":"(anonymous_7)","decl":{"start":{"line":39,"column":0},"end":{"line":39,"column":null}},"loc":{"start":{"line":39,"column":0},"end":{"line":42,"column":null}}},"7":{"name":"(anonymous_8)","decl":{"start":{"line":44,"column":0},"end":{"line":44,"column":null}},"loc":{"start":{"line":44,"column":0},"end":{"line":46,"column":null}}}},"branchMap":{"0":{"loc":{"start":{"line":23,"column":0},"end":{"line":25,"column":null}},"type":"if","locations":[{"start":{"line":23,"column":0},"end":{"line":25,"column":null}},{"start":{"line":23,"column":0},"end":{"line":25,"column":null}}]}},"s":{"0":1,"1":1,"2":4,"3":4,"4":3,"5":4,"6":1,"7":1,"8":0,"9":0,"10":3},"f":{"0":4,"1":4,"2":4,"3":4,"4":1,"5":1,"6":0,"7":3},"b":{"0":[3,1]}}
}
