{"X:\\VueLearn\\tv-shows\\src\\App.vue": {"path":"X:\\VueLearn\\tv-shows\\src\\App.vue","statementMap":{"0":{"start":{"line":47,"column":0},"end":{"line":47,"column":null}},"1":{"start":{"line":56,"column":0},"end":{"line":56,"column":null}}},"fnMap":{"0":{"name":"(anonymous_1)","decl":{"start":{"line":56,"column":0},"end":{"line":56,"column":null}},"loc":{"start":{"line":56,"column":0},"end":{"line":56,"column":null}}}},"branchMap":{},"s":{"0":0,"1":0},"f":{"0":0},"b":{}}
,"X:\\VueLearn\\tv-shows\\src\\components\\HelloWorld.vue": {"path":"X:\\VueLearn\\tv-shows\\src\\components\\HelloWorld.vue","statementMap":{"0":{"start":{"line":98,"column":0},"end":{"line":98,"column":null}}},"fnMap":{"0":{"name":"(anonymous_1)","decl":{"start":{"line":98,"column":0},"end":{"line":98,"column":null}},"loc":{"start":{"line":98,"column":0},"end":{"line":98,"column":null}}}},"branchMap":{},"s":{"0":1},"f":{"0":1},"b":{}}
,"X:\\VueLearn\\tv-shows\\src\\plugins\\vuetify.js": {"path":"X:\\VueLearn\\tv-shows\\src\\plugins\\vuetify.js","statementMap":{"0":{"start":{"line":4,"column":0},"end":{"line":4,"column":17}}},"fnMap":{},"branchMap":{},"s":{"0":0},"f":{},"b":{},"hash":"24c16b262736ea702f2099058ac9a34d1ae31bdb"}
,"X:\\VueLearn\\tv-shows\\src\\router\\index.js": {"path":"X:\\VueLearn\\tv-shows\\src\\router\\index.js","statementMap":{"0":{"start":{"line":5,"column":0},"end":{"line":5,"column":18}},"1":{"start":{"line":7,"column":17},"end":{"line":21,"column":1}},"2":{"start":{"line":19,"column":21},"end":{"line":19,"column":81}},"3":{"start":{"line":23,"column":15},"end":{"line":27,"column":2}}},"fnMap":{"0":{"name":"(anonymous_0)","decl":{"start":{"line":19,"column":15},"end":{"line":19,"column":16}},"loc":{"start":{"line":19,"column":21},"end":{"line":19,"column":81}},"line":19}},"branchMap":{},"s":{"0":0,"1":0,"2":0,"3":0},"f":{"0":0},"b":{},"hash":"a0775385106301f884f5b154beaba7eeca9891c9"}
,"X:\\VueLearn\\tv-shows\\src\\store\\index.js": {"path":"X:\\VueLearn\\tv-shows\\src\\store\\index.js","statementMap":{"0":{"start":{"line":4,"column":0},"end":{"line":4,"column":13}}},"fnMap":{},"branchMap":{},"s":{"0":0},"f":{},"b":{},"hash":"73be9f5169f36e05e5739b5ec472a5feb447c0db"}
,"X:\\VueLearn\\tv-shows\\src\\views\\Home.vue": {"path":"X:\\VueLearn\\tv-shows\\src\\views\\Home.vue","statementMap":{"0":{"start":{"line":10,"column":0},"end":{"line":10,"column":null}}},"fnMap":{},"branchMap":{},"s":{"0":0},"f":{},"b":{}}
}
